<?xml version="1.0" encoding="UTF-8"?>
<testng-results skipped="0" failed="0" ignored="0" total="1" passed="1">
  <reporter-output>
  </reporter-output>
  <suite name="Default suite" duration-ms="20151" started-at="2018-09-18T21:19:01Z" finished-at="2018-09-18T21:19:21Z">
    <groups>
    </groups>
    <test name="Default test" duration-ms="20151" started-at="2018-09-18T21:19:01Z" finished-at="2018-09-18T21:19:21Z">
      <class name="com.booking.test.MailAutomationTest">
        <test-method status="PASS" signature="init()[pri:0, instance:com.booking.test.MailAutomationTest@607a4f]" name="init" is-config="true" duration-ms="3244" started-at="2018-09-18T21:19:01Z" finished-at="2018-09-18T21:19:04Z">
          <reporter-output>
          </reporter-output>
        </test-method> <!-- init -->
        <test-method status="PASS" signature="testAvailableHotels()[pri:0, instance:com.booking.test.MailAutomationTest@607a4f]" name="testAvailableHotels" duration-ms="14704" started-at="2018-09-18T21:19:04Z" finished-at="2018-09-18T21:19:19Z">
          <reporter-output>
          </reporter-output>
        </test-method> <!-- testAvailableHotels -->
        <test-method status="PASS" signature="stopBrowser()[pri:0, instance:com.booking.test.MailAutomationTest@607a4f]" name="stopBrowser" is-config="true" duration-ms="2171" started-at="2018-09-18T21:19:19Z" finished-at="2018-09-18T21:19:21Z">
          <reporter-output>
          </reporter-output>
        </test-method> <!-- stopBrowser -->
      </class> <!-- com.booking.test.MailAutomationTest -->
    </test> <!-- Default test -->
  </suite> <!-- Default suite -->
</testng-results>
